deadpool
Starting new HTTP connection (1): www.kickass.to
Starting new HTTP connection (1): kat.cr
Starting new HTTPS connection (1): kat.cr
Starting new HTTP connection (1): www.kickass.to
Starting new HTTP connection (1): kat.cr
Starting new HTTPS connection (1): kat.cr
Starting new HTTP connection (1): www.kickass.to
Starting new HTTP connection (1): kat.cr
Starting new HTTPS connection (1): kat.cr
frontline saudi arabia
Starting new HTTP connection (1): www.kickass.to
Starting new HTTP connection (1): kat.cr
Starting new HTTPS connection (1): kat.cr
Starting new HTTP connection (1): www.kickass.to
Starting new HTTP connection (1): kat.cr
Starting new HTTPS connection (1): kat.cr
Starting new HTTP connection (1): www.kickass.to
Starting new HTTP connection (1): kat.cr
Starting new HTTPS connection (1): kat.cr
age of ultron
Starting new HTTP connection (1): www.kickass.to
Starting new HTTP connection (1): kat.cr
Starting new HTTPS connection (1): kat.cr
Starting new HTTP connection (1): www.kickass.to
Starting new HTTP connection (1): kat.cr
Starting new HTTPS connection (1): kat.cr
Starting new HTTP connection (1): www.kickass.to
Starting new HTTP connection (1): kat.cr
Starting new HTTPS connection (1): kat.cr
